<?xml version="1.0" encoding="UTF-8"?>
<!-- Generated by org.testng.reporters.JUnitReportReporter -->
<testsuite hostname="Serendipity" failures="0" tests="1" name="QA.JenkinsTestNG.immigrationFormFilling" time="13.448" errors="0" timestamp="2024-03-02T03:27:19 IST" skipped="0">
  <testcase classname="QA.JenkinsTestNG.immigrationFormFilling" name="immigration" time="13.448"/>
  <system-out/>
</testsuite> <!-- QA.JenkinsTestNG.immigrationFormFilling -->
